Flow report for robo_aspirador
Sun Sep  8 12:14:15 2024
Quartus Prime Version 20.1.0 Build 711 06/05/2020 SJ Lite Edition


---------------------
; Table of Contents ;
---------------------
  1. Legal Notice
  2. Flow Summary
  3. Flow Settings
  4. Flow Non-Default Global Settings
  5. Flow Elapsed Time
  6. Flow OS Summary
  7. Flow Log
  8. Flow Messages
  9. Flow Suppressed Messages



----------------
; Legal Notice ;
----------------
Copyright (C) 2020  Intel Corporation. All rights reserved.
Your use of Intel Corporation's design tools, logic functions 
and other software and tools, and any partner logic 
functions, and any output files from any of the foregoing 
(including device programming or simulation files), and any 
associated documentation or information are expressly subject 
to the terms and conditions of the Intel Program License 
Subscription Agreement, the Intel Quartus Prime License Agreement,
the Intel FPGA IP License Agreement, or other applicable license
agreement, including, without limitation, that your use is for
the sole purpose of programming logic devices manufactured by
Intel and sold by Intel or its authorized distributors.  Please
refer to the applicable agreement for further details, at
https://fpgasoftware.intel.com/eula.



+---------------------------------------------------------------------+
; Flow Summary                                                        ;
+-----------------------+---------------------------------------------+
; Flow Status           ; Successful - Sun Sep  8 12:14:15 2024       ;
; Quartus Prime Version ; 20.1.0 Build 711 06/05/2020 SJ Lite Edition ;
; Revision Name         ; robo_aspirador                              ;
; Top-level Entity Name ; main                                        ;
; Family                ; MAX II                                      ;
; Device                ; EPM240T100C5                                ;
; Timing Models         ; Final                                       ;
; Total logic elements  ; 8 / 240 ( 3 % )                             ;
; Total pins            ; 16 / 80 ( 20 % )                            ;
; Total virtual pins    ; 0                                           ;
; UFM blocks            ; 0 / 1 ( 0 % )                               ;
+-----------------------+---------------------------------------------+


+-----------------------------------------+
; Flow Settings                           ;
+-------------------+---------------------+
; Option            ; Setting             ;
+-------------------+---------------------+
; Start date & time ; 09/08/2024 12:13:53 ;
; Main task         ; Compilation         ;
; Revision Name     ; robo_aspirador      ;
+-------------------+---------------------+


+-------------------------------------------------------------------------------------------------------------------------------------------+
; Flow Non-Default Global Settings                                                                                                          ;
+---------------------------------------+--------------------------------+----------------+-------------+-----------------------------------+
; Assignment Name                       ; Value                          ; Default Value  ; Entity Name ; Section Id                        ;
+---------------------------------------+--------------------------------+----------------+-------------+-----------------------------------+
; COMPILER_SIGNATURE_ID                 ; 40675924268937.172580843208148 ; --             ; --          ; --                                ;
; EDA_GENERATE_FUNCTIONAL_NETLIST       ; Off                            ; --             ; --          ; eda_board_design_timing           ;
; EDA_GENERATE_FUNCTIONAL_NETLIST       ; Off                            ; --             ; --          ; eda_board_design_boundary_scan    ;
; EDA_GENERATE_FUNCTIONAL_NETLIST       ; Off                            ; --             ; --          ; eda_board_design_signal_integrity ;
; EDA_GENERATE_FUNCTIONAL_NETLIST       ; Off                            ; --             ; --          ; eda_board_design_symbol           ;
; EDA_OUTPUT_DATA_FORMAT                ; Verilog Hdl                    ; --             ; --          ; eda_simulation                    ;
; EDA_SIMULATION_TOOL                   ; ModelSim-Altera (Verilog)      ; <None>         ; --          ; --                                ;
; EDA_TIME_SCALE                        ; 1 ps                           ; --             ; --          ; eda_simulation                    ;
; MAX_CORE_JUNCTION_TEMP                ; 85                             ; --             ; --          ; --                                ;
; MIN_CORE_JUNCTION_TEMP                ; 0                              ; --             ; --          ; --                                ;
; POWER_EXT_SUPPLY_VOLTAGE_TO_REGULATOR ; 3.3V                           ; --             ; --          ; --                                ;
; PROJECT_OUTPUT_DIRECTORY              ; output_files                   ; --             ; --          ; --                                ;
; TOP_LEVEL_ENTITY                      ; main                           ; robo_aspirador ; --          ; --                                ;
+---------------------------------------+--------------------------------+----------------+-------------+-----------------------------------+


+--------------------------------------------------------------------------------------------------------------------------+
; Flow Elapsed Time                                                                                                        ;
+----------------------+--------------+-------------------------+---------------------+------------------------------------+
; Module Name          ; Elapsed Time ; Average Processors Used ; Peak Virtual Memory ; Total CPU Time (on all processors) ;
+----------------------+--------------+-------------------------+---------------------+------------------------------------+
; Analysis & Synthesis ; 00:00:14     ; 1.0                     ; 339 MB              ; 00:00:21                           ;
; Fitter               ; 00:00:01     ; 1.0                     ; 520 MB              ; 00:00:01                           ;
; Assembler            ; 00:00:01     ; 1.0                     ; 328 MB              ; 00:00:01                           ;
; Timing Analyzer      ; 00:00:01     ; 1.0                     ; 338 MB              ; 00:00:01                           ;
; EDA Netlist Writer   ; 00:00:01     ; 1.0                     ; 577 MB              ; 00:00:01                           ;
; Total                ; 00:00:18     ; --                      ; --                  ; 00:00:25                           ;
+----------------------+--------------+-------------------------+---------------------+------------------------------------+


+------------------------------------------------------------------------------------------+
; Flow OS Summary                                                                          ;
+----------------------+------------------------+------------+------------+----------------+
; Module Name          ; Machine Hostname       ; OS Name    ; OS Version ; Processor type ;
+----------------------+------------------------+------------+------------+----------------+
; Analysis & Synthesis ; lucas-IdeaPad-1-15IGL7 ; Linux Mint ; 21         ; x86_64         ;
; Fitter               ; lucas-IdeaPad-1-15IGL7 ; Linux Mint ; 21         ; x86_64         ;
; Assembler            ; lucas-IdeaPad-1-15IGL7 ; Linux Mint ; 21         ; x86_64         ;
; Timing Analyzer      ; lucas-IdeaPad-1-15IGL7 ; Linux Mint ; 21         ; x86_64         ;
; EDA Netlist Writer   ; lucas-IdeaPad-1-15IGL7 ; Linux Mint ; 21         ; x86_64         ;
+----------------------+------------------------+------------+------------+----------------+


------------
; Flow Log ;
------------
quartus_map --read_settings_files=on --write_settings_files=off robo_aspirador -c robo_aspirador
quartus_fit --read_settings_files=off --write_settings_files=off robo_aspirador -c robo_aspirador
quartus_asm --read_settings_files=off --write_settings_files=off robo_aspirador -c robo_aspirador
quartus_sta robo_aspirador -c robo_aspirador
quartus_eda --read_settings_files=off --write_settings_files=off robo_aspirador -c robo_aspirador



